Build started 10/14/2014 12:53:23 AM.
Project "\\VBOXSVR\amcolash\Github\cs559\Assignment 6\Assignment 6\559_Base_Project.vcxproj" on node 2 (Build target(s)).
ClCompile:
  C:\Program Files (x86)\Microsoft Visual Studio 12.0\VC\bin\CL.exe /c /I"C:\Program Files (x86)\FLTK 1.3.2\include" /I"C:\Program Files (x86)\glew\include" /I"C:\Program Files (x86)\glm" /Zi /nologo /W3 /WX- /sdl /O2 /Oi /Oy- /GL /D WIN32 /D NDEBUG /D _CONSOLE /D _LIB /D _UNICODE /D UNICODE /Gm- /EHsc /MD /GS /Gy /fp:precise /Zc:wchar_t /Zc:forScope /Fo"Release\\" /Fd"Release\vc120.pdb" /Gd /TP /analyze- /errorReport:prompt a6_GL_Window.cpp callbacks.cpp
  a6_GL_Window.cpp
  callbacks.cpp
Link:
  C:\Program Files (x86)\Microsoft Visual Studio 12.0\VC\bin\link.exe /ERRORREPORT:PROMPT /OUT:"\\VBOXSVR\amcolash\Github\cs559\Assignment 6\Release\Assignment 6.exe" /INCREMENTAL:NO /NOLOGO /LIBPATH:"C:\Program Files (x86)\FLTK 1.3.2\lib" /LIBPATH:"C:\Program Files (x86)\glew\lib" comctl32.lib wsock32.lib opengl32.lib glu32.lib fltkgl.lib fltk.lib glew32s.lib kernel32.lib user32.lib gdi32.lib winspool.lib comdlg32.lib advapi32.lib shell32.lib ole32.lib oleaut32.lib uuid.lib odbc32.lib odbccp32.lib /MANIFEST /MANIFESTUAC:"level='asInvoker' uiAccess='false'" /manifest:embed /DEBUG /PDB:"\\VBOXSVR\amcolash\Github\cs559\Assignment 6\Release\Assignment 6.pdb" /SUBSYSTEM:CONSOLE /OPT:REF /OPT:ICF /LTCG /TLBID:1 /DYNAMICBASE /NXCOMPAT /IMPLIB:"\\VBOXSVR\amcolash\Github\cs559\Assignment 6\Release\Assignment 6.lib" /MACHINE:X86 /SAFESEH Release\a6_GL_Window.obj
  Release\a6_window.obj
  Release\main.obj
  Release\callbacks.obj
  Generating code
  Finished generating code
fltkgl.lib(Fl_Gl_Choice.obj) : warning LNK4099: PDB 'vc120.pdb' was not found with 'fltkgl.lib(Fl_Gl_Choice.obj)' or at '\\VBOXSVR\amcolash\Github\cs559\Assignment 6\Release\vc120.pdb'; linking object as if no debug info
fltkgl.lib(Fl_Gl_Device_Plugin.obj) : warning LNK4099: PDB 'vc120.pdb' was not found with 'fltkgl.lib(Fl_Gl_Device_Plugin.obj)' or at '\\VBOXSVR\amcolash\Github\cs559\Assignment 6\Release\vc120.pdb'; linking object as if no debug info
fltkgl.lib(Fl_Gl_Window.obj) : warning LNK4099: PDB 'vc120.pdb' was not found with 'fltkgl.lib(Fl_Gl_Window.obj)' or at '\\VBOXSVR\amcolash\Github\cs559\Assignment 6\Release\vc120.pdb'; linking object as if no debug info
fltkgl.lib(freeglut_geometry.obj) : warning LNK4099: PDB 'vc120.pdb' was not found with 'fltkgl.lib(freeglut_geometry.obj)' or at '\\VBOXSVR\amcolash\Github\cs559\Assignment 6\Release\vc120.pdb'; linking object as if no debug info
fltkgl.lib(gl_draw.obj) : warning LNK4099: PDB 'vc120.pdb' was not found with 'fltkgl.lib(gl_draw.obj)' or at '\\VBOXSVR\amcolash\Github\cs559\Assignment 6\Release\vc120.pdb'; linking object as if no debug info
fltk.lib(case.obj) : warning LNK4099: PDB 'vc120.pdb' was not found with 'fltk.lib(case.obj)' or at '\\VBOXSVR\amcolash\Github\cs559\Assignment 6\Release\vc120.pdb'; linking object as if no debug info
fltk.lib(filename_list.obj) : warning LNK4099: PDB 'vc120.pdb' was not found with 'fltk.lib(filename_list.obj)' or at '\\VBOXSVR\amcolash\Github\cs559\Assignment 6\Release\vc120.pdb'; linking object as if no debug info
fltk.lib(filename_match.obj) : warning LNK4099: PDB 'vc120.pdb' was not found with 'fltk.lib(filename_match.obj)' or at '\\VBOXSVR\amcolash\Github\cs559\Assignment 6\Release\vc120.pdb'; linking object as if no debug info
fltk.lib(Fl.obj) : warning LNK4099: PDB 'vc120.pdb' was not found with 'fltk.lib(Fl.obj)' or at '\\VBOXSVR\amcolash\Github\cs559\Assignment 6\Release\vc120.pdb'; linking object as if no debug info
fltk.lib(Fl_abort.obj) : warning LNK4099: PDB 'vc120.pdb' was not found with 'fltk.lib(Fl_abort.obj)' or at '\\VBOXSVR\amcolash\Github\cs559\Assignment 6\Release\vc120.pdb'; linking object as if no debug info
fltk.lib(fl_arc.obj) : warning LNK4099: PDB 'vc120.pdb' was not found with 'fltk.lib(fl_arc.obj)' or at '\\VBOXSVR\amcolash\Github\cs559\Assignment 6\Release\vc120.pdb'; linking object as if no debug info
fltk.lib(fl_arci.obj) : warning LNK4099: PDB 'vc120.pdb' was not found with 'fltk.lib(fl_arci.obj)' or at '\\VBOXSVR\amcolash\Github\cs559\Assignment 6\Release\vc120.pdb'; linking object as if no debug info
fltk.lib(fl_ask.obj) : warning LNK4099: PDB 'vc120.pdb' was not found with 'fltk.lib(fl_ask.obj)' or at '\\VBOXSVR\amcolash\Github\cs559\Assignment 6\Release\vc120.pdb'; linking object as if no debug info
fltk.lib(Fl_Bitmap.obj) : warning LNK4099: PDB 'vc120.pdb' was not found with 'fltk.lib(Fl_Bitmap.obj)' or at '\\VBOXSVR\amcolash\Github\cs559\Assignment 6\Release\vc120.pdb'; linking object as if no debug info
fltk.lib(Fl_Box.obj) : warning LNK4099: PDB 'vc120.pdb' was not found with 'fltk.lib(Fl_Box.obj)' or at '\\VBOXSVR\amcolash\Github\cs559\Assignment 6\Release\vc120.pdb'; linking object as if no debug info
fltk.lib(fl_boxtype.obj) : warning LNK4099: PDB 'vc120.pdb' was not found with 'fltk.lib(fl_boxtype.obj)' or at '\\VBOXSVR\amcolash\Github\cs559\Assignment 6\Release\vc120.pdb'; linking object as if no debug info
fltk.lib(Fl_Button.obj) : warning LNK4099: PDB 'vc120.pdb' was not found with 'fltk.lib(Fl_Button.obj)' or at '\\VBOXSVR\amcolash\Github\cs559\Assignment 6\Release\vc120.pdb'; linking object as if no debug info
fltk.lib(fl_color.obj) : warning LNK4099: PDB 'vc120.pdb' was not found with 'fltk.lib(fl_color.obj)' or at '\\VBOXSVR\amcolash\Github\cs559\Assignment 6\Release\vc120.pdb'; linking object as if no debug info
fltk.lib(Fl_compose.obj) : warning LNK4099: PDB 'vc120.pdb' was not found with 'fltk.lib(Fl_compose.obj)' or at '\\VBOXSVR\amcolash\Github\cs559\Assignment 6\Release\vc120.pdb'; linking object as if no debug info
fltk.lib(fl_cursor.obj) : warning LNK4099: PDB 'vc120.pdb' was not found with 'fltk.lib(fl_cursor.obj)' or at '\\VBOXSVR\amcolash\Github\cs559\Assignment 6\Release\vc120.pdb'; linking object as if no debug info
fltk.lib(fl_curve.obj) : warning LNK4099: PDB 'vc120.pdb' was not found with 'fltk.lib(fl_curve.obj)' or at '\\VBOXSVR\amcolash\Github\cs559\Assignment 6\Release\vc120.pdb'; linking object as if no debug info
fltk.lib(Fl_Device.obj) : warning LNK4099: PDB 'vc120.pdb' was not found with 'fltk.lib(Fl_Device.obj)' or at '\\VBOXSVR\amcolash\Github\cs559\Assignment 6\Release\vc120.pdb'; linking object as if no debug info
fltk.lib(fl_dnd.obj) : warning LNK4099: PDB 'vc120.pdb' was not found with 'fltk.lib(fl_dnd.obj)' or at '\\VBOXSVR\amcolash\Github\cs559\Assignment 6\Release\vc120.pdb'; linking object as if no debug info
fltk.lib(Fl_Double_Window.obj) : warning LNK4099: PDB 'vc120.pdb' was not found with 'fltk.lib(Fl_Double_Window.obj)' or at '\\VBOXSVR\amcolash\Github\cs559\Assignment 6\Release\vc120.pdb'; linking object as if no debug info
fltk.lib(fl_draw.obj) : warning LNK4099: PDB 'vc120.pdb' was not found with 'fltk.lib(fl_draw.obj)' or at '\\VBOXSVR\amcolash\Github\cs559\Assignment 6\Release\vc120.pdb'; linking object as if no debug info
fltk.lib(fl_draw_image.obj) : warning LNK4099: PDB 'vc120.pdb' was not found with 'fltk.lib(fl_draw_image.obj)' or at '\\VBOXSVR\amcolash\Github\cs559\Assignment 6\Release\vc120.pdb'; linking object as if no debug info
fltk.lib(fl_draw_pixmap.obj) : warning LNK4099: PDB 'vc120.pdb' was not found with 'fltk.lib(fl_draw_pixmap.obj)' or at '\\VBOXSVR\amcolash\Github\cs559\Assignment 6\Release\vc120.pdb'; linking object as if no debug info
fltk.lib(fl_font.obj) : warning LNK4099: PDB 'vc120.pdb' was not found with 'fltk.lib(fl_font.obj)' or at '\\VBOXSVR\amcolash\Github\cs559\Assignment 6\Release\vc120.pdb'; linking object as if no debug info
fltk.lib(Fl_get_system_colors.obj) : warning LNK4099: PDB 'vc120.pdb' was not found with 'fltk.lib(Fl_get_system_colors.obj)' or at '\\VBOXSVR\amcolash\Github\cs559\Assignment 6\Release\vc120.pdb'; linking object as if no debug info
fltk.lib(Fl_grab.obj) : warning LNK4099: PDB 'vc120.pdb' was not found with 'fltk.lib(Fl_grab.obj)' or at '\\VBOXSVR\amcolash\Github\cs559\Assignment 6\Release\vc120.pdb'; linking object as if no debug info
fltk.lib(Fl_Group.obj) : warning LNK4099: PDB 'vc120.pdb' was not found with 'fltk.lib(Fl_Group.obj)' or at '\\VBOXSVR\amcolash\Github\cs559\Assignment 6\Release\vc120.pdb'; linking object as if no debug info
fltk.lib(fl_gtk.obj) : warning LNK4099: PDB 'vc120.pdb' was not found with 'fltk.lib(fl_gtk.obj)' or at '\\VBOXSVR\amcolash\Github\cs559\Assignment 6\Release\vc120.pdb'; linking object as if no debug info
fltk.lib(Fl_Image.obj) : warning LNK4099: PDB 'vc120.pdb' was not found with 'fltk.lib(Fl_Image.obj)' or at '\\VBOXSVR\amcolash\Github\cs559\Assignment 6\Release\vc120.pdb'; linking object as if no debug info
fltk.lib(Fl_Input.obj) : warning LNK4099: PDB 'vc120.pdb' was not found with 'fltk.lib(Fl_Input.obj)' or at '\\VBOXSVR\amcolash\Github\cs559\Assignment 6\Release\vc120.pdb'; linking object as if no debug info
fltk.lib(Fl_Input_.obj) : warning LNK4099: PDB 'vc120.pdb' was not found with 'fltk.lib(Fl_Input_.obj)' or at '\\VBOXSVR\amcolash\Github\cs559\Assignment 6\Release\vc120.pdb'; linking object as if no debug info
fltk.lib(fl_labeltype.obj) : warning LNK4099: PDB 'vc120.pdb' was not found with 'fltk.lib(fl_labeltype.obj)' or at '\\VBOXSVR\amcolash\Github\cs559\Assignment 6\Release\vc120.pdb'; linking object as if no debug info
fltk.lib(fl_line_style.obj) : warning LNK4099: PDB 'vc120.pdb' was not found with 'fltk.lib(fl_line_style.obj)' or at '\\VBOXSVR\amcolash\Github\cs559\Assignment 6\Release\vc120.pdb'; linking object as if no debug info
fltk.lib(Fl_lock.obj) : warning LNK4099: PDB 'vc120.pdb' was not found with 'fltk.lib(Fl_lock.obj)' or at '\\VBOXSVR\amcolash\Github\cs559\Assignment 6\Release\vc120.pdb'; linking object as if no debug info
fltk.lib(Fl_Menu.obj) : warning LNK4099: PDB 'vc120.pdb' was not found with 'fltk.lib(Fl_Menu.obj)' or at '\\VBOXSVR\amcolash\Github\cs559\Assignment 6\Release\vc120.pdb'; linking object as if no debug info
fltk.lib(Fl_Menu_.obj) : warning LNK4099: PDB 'vc120.pdb' was not found with 'fltk.lib(Fl_Menu_.obj)' or at '\\VBOXSVR\amcolash\Github\cs559\Assignment 6\Release\vc120.pdb'; linking object as if no debug info
fltk.lib(Fl_Menu_add.obj) : warning LNK4099: PDB 'vc120.pdb' was not found with 'fltk.lib(Fl_Menu_add.obj)' or at '\\VBOXSVR\amcolash\Github\cs559\Assignment 6\Release\vc120.pdb'; linking object as if no debug info
fltk.lib(Fl_Menu_Button.obj) : warning LNK4099: PDB 'vc120.pdb' was not found with 'fltk.lib(Fl_Menu_Button.obj)' or at '\\VBOXSVR\amcolash\Github\cs559\Assignment 6\Release\vc120.pdb'; linking object as if no debug info
fltk.lib(Fl_Menu_Window.obj) : warning LNK4099: PDB 'vc120.pdb' was not found with 'fltk.lib(Fl_Menu_Window.obj)' or at '\\VBOXSVR\amcolash\Github\cs559\Assignment 6\Release\vc120.pdb'; linking object as if no debug info
fltk.lib(Fl_Overlay_Window.obj) : warning LNK4099: PDB 'vc120.pdb' was not found with 'fltk.lib(Fl_Overlay_Window.obj)' or at '\\VBOXSVR\amcolash\Github\cs559\Assignment 6\Release\vc120.pdb'; linking object as if no debug info
fltk.lib(Fl_Pixmap.obj) : warning LNK4099: PDB 'vc120.pdb' was not found with 'fltk.lib(Fl_Pixmap.obj)' or at '\\VBOXSVR\amcolash\Github\cs559\Assignment 6\Release\vc120.pdb'; linking object as if no debug info
fltk.lib(fl_plastic.obj) : warning LNK4099: PDB 'vc120.pdb' was not found with 'fltk.lib(fl_plastic.obj)' or at '\\VBOXSVR\amcolash\Github\cs559\Assignment 6\Release\vc120.pdb'; linking object as if no debug info
fltk.lib(Fl_Preferences.obj) : warning LNK4099: PDB 'vc120.pdb' was not found with 'fltk.lib(Fl_Preferences.obj)' or at '\\VBOXSVR\amcolash\Github\cs559\Assignment 6\Release\vc120.pdb'; linking object as if no debug info
fltk.lib(fl_read_image.obj) : warning LNK4099: PDB 'vc120.pdb' was not found with 'fltk.lib(fl_read_image.obj)' or at '\\VBOXSVR\amcolash\Github\cs559\Assignment 6\Release\vc120.pdb'; linking object as if no debug info
fltk.lib(fl_rect.obj) : warning LNK4099: PDB 'vc120.pdb' was not found with 'fltk.lib(fl_rect.obj)' or at '\\VBOXSVR\amcolash\Github\cs559\Assignment 6\Release\vc120.pdb'; linking object as if no debug info
fltk.lib(Fl_Repeat_Button.obj) : warning LNK4099: PDB 'vc120.pdb' was not found with 'fltk.lib(Fl_Repeat_Button.obj)' or at '\\VBOXSVR\amcolash\Github\cs559\Assignment 6\Release\vc120.pdb'; linking object as if no debug info
fltk.lib(Fl_Return_Button.obj) : warning LNK4099: PDB 'vc120.pdb' was not found with 'fltk.lib(Fl_Return_Button.obj)' or at '\\VBOXSVR\amcolash\Github\cs559\Assignment 6\Release\vc120.pdb'; linking object as if no debug info
fltk.lib(fl_round_box.obj) : warning LNK4099: PDB 'vc120.pdb' was not found with 'fltk.lib(fl_round_box.obj)' or at '\\VBOXSVR\amcolash\Github\cs559\Assignment 6\Release\vc120.pdb'; linking object as if no debug info
fltk.lib(fl_shortcut.obj) : warning LNK4099: PDB 'vc120.pdb' was not found with 'fltk.lib(fl_shortcut.obj)' or at '\\VBOXSVR\amcolash\Github\cs559\Assignment 6\Release\vc120.pdb'; linking object as if no debug info
fltk.lib(Fl_Single_Window.obj) : warning LNK4099: PDB 'vc120.pdb' was not found with 'fltk.lib(Fl_Single_Window.obj)' or at '\\VBOXSVR\amcolash\Github\cs559\Assignment 6\Release\vc120.pdb'; linking object as if no debug info
fltk.lib(Fl_Slider.obj) : warning LNK4099: PDB 'vc120.pdb' was not found with 'fltk.lib(Fl_Slider.obj)' or at '\\VBOXSVR\amcolash\Github\cs559\Assignment 6\Release\vc120.pdb'; linking object as if no debug info
fltk.lib(fl_symbols.obj) : warning LNK4099: PDB 'vc120.pdb' was not found with 'fltk.lib(fl_symbols.obj)' or at '\\VBOXSVR\amcolash\Github\cs559\Assignment 6\Release\vc120.pdb'; linking object as if no debug info
fltk.lib(Fl_Tiled_Image.obj) : warning LNK4099: PDB 'vc120.pdb' was not found with 'fltk.lib(Fl_Tiled_Image.obj)' or at '\\VBOXSVR\amcolash\Github\cs559\Assignment 6\Release\vc120.pdb'; linking object as if no debug info
fltk.lib(Fl_Tooltip.obj) : warning LNK4099: PDB 'vc120.pdb' was not found with 'fltk.lib(Fl_Tooltip.obj)' or at '\\VBOXSVR\amcolash\Github\cs559\Assignment 6\Release\vc120.pdb'; linking object as if no debug info
fltk.lib(fl_utf.obj) : warning LNK4099: PDB 'vc120.pdb' was not found with 'fltk.lib(fl_utf.obj)' or at '\\VBOXSVR\amcolash\Github\cs559\Assignment 6\Release\vc120.pdb'; linking object as if no debug info
fltk.lib(fl_utf8.obj) : warning LNK4099: PDB 'vc120.pdb' was not found with 'fltk.lib(fl_utf8.obj)' or at '\\VBOXSVR\amcolash\Github\cs559\Assignment 6\Release\vc120.pdb'; linking object as if no debug info
fltk.lib(Fl_Valuator.obj) : warning LNK4099: PDB 'vc120.pdb' was not found with 'fltk.lib(Fl_Valuator.obj)' or at '\\VBOXSVR\amcolash\Github\cs559\Assignment 6\Release\vc120.pdb'; linking object as if no debug info
fltk.lib(Fl_Value_Slider.obj) : warning LNK4099: PDB 'vc120.pdb' was not found with 'fltk.lib(Fl_Value_Slider.obj)' or at '\\VBOXSVR\amcolash\Github\cs559\Assignment 6\Release\vc120.pdb'; linking object as if no debug info
fltk.lib(fl_vertex.obj) : warning LNK4099: PDB 'vc120.pdb' was not found with 'fltk.lib(fl_vertex.obj)' or at '\\VBOXSVR\amcolash\Github\cs559\Assignment 6\Release\vc120.pdb'; linking object as if no debug info
fltk.lib(Fl_Widget.obj) : warning LNK4099: PDB 'vc120.pdb' was not found with 'fltk.lib(Fl_Widget.obj)' or at '\\VBOXSVR\amcolash\Github\cs559\Assignment 6\Release\vc120.pdb'; linking object as if no debug info
fltk.lib(Fl_Window.obj) : warning LNK4099: PDB 'vc120.pdb' was not found with 'fltk.lib(Fl_Window.obj)' or at '\\VBOXSVR\amcolash\Github\cs559\Assignment 6\Release\vc120.pdb'; linking object as if no debug info
fltk.lib(Fl_Window_hotspot.obj) : warning LNK4099: PDB 'vc120.pdb' was not found with 'fltk.lib(Fl_Window_hotspot.obj)' or at '\\VBOXSVR\amcolash\Github\cs559\Assignment 6\Release\vc120.pdb'; linking object as if no debug info
fltk.lib(flstring.obj) : warning LNK4099: PDB 'vc120.pdb' was not found with 'fltk.lib(flstring.obj)' or at '\\VBOXSVR\amcolash\Github\cs559\Assignment 6\Release\vc120.pdb'; linking object as if no debug info
fltk.lib(is_spacing.obj) : warning LNK4099: PDB 'vc120.pdb' was not found with 'fltk.lib(is_spacing.obj)' or at '\\VBOXSVR\amcolash\Github\cs559\Assignment 6\Release\vc120.pdb'; linking object as if no debug info
fltk.lib(numericsort.obj) : warning LNK4099: PDB 'vc120.pdb' was not found with 'fltk.lib(numericsort.obj)' or at '\\VBOXSVR\amcolash\Github\cs559\Assignment 6\Release\vc120.pdb'; linking object as if no debug info
fltk.lib(scandir.obj) : warning LNK4099: PDB 'vc120.pdb' was not found with 'fltk.lib(scandir.obj)' or at '\\VBOXSVR\amcolash\Github\cs559\Assignment 6\Release\vc120.pdb'; linking object as if no debug info
fltk.lib(screen_xywh.obj) : warning LNK4099: PDB 'vc120.pdb' was not found with 'fltk.lib(screen_xywh.obj)' or at '\\VBOXSVR\amcolash\Github\cs559\Assignment 6\Release\vc120.pdb'; linking object as if no debug info
fltk.lib(vsnprintf.obj) : warning LNK4099: PDB 'vc120.pdb' was not found with 'fltk.lib(vsnprintf.obj)' or at '\\VBOXSVR\amcolash\Github\cs559\Assignment 6\Release\vc120.pdb'; linking object as if no debug info
  559_Base_Project.vcxproj -> \\VBOXSVR\amcolash\Github\cs559\Assignment 6\Release\Assignment 6.exe
Done Building Project "\\VBOXSVR\amcolash\Github\cs559\Assignment 6\Assignment 6\559_Base_Project.vcxproj" (Build target(s)).

Build succeeded.

Time Elapsed 00:00:03.03
